2025-06-26 20:30:46 [main] INFO  com.cemh.CemhBackendApplication - Starting CemhBackendApplication using Java 23.0.1 on PilgrimageShao with PID 26164 (D:\OneDrive\桌面\实训\NEUsoftwarePracticaltraining\cemh-backend\target\classes started by 邵岩哲 in D:\OneDrive\桌面\实训\NEUsoftwarePracticaltraining\cemh-backend)
2025-06-26 20:30:46 [main] DEBUG com.cemh.CemhBackendApplication - Running with Spring Boot v2.7.18, Spring v5.3.31
2025-06-26 20:30:46 [main] INFO  com.cemh.CemhBackendApplication - No active profile set, falling back to 1 default profile: "default"
2025-06-26 20:30:48 [main] INFO  o.s.d.r.config.RepositoryConfigurationDelegate - Multiple Spring Data modules found, entering strict repository configuration mode
2025-06-26 20:30:48 [main] INFO  o.s.d.r.config.RepositoryConfigurationDelegate - Bootstrapping Spring Data Redis repositories in DEFAULT mode.
2025-06-26 20:30:48 [main] INFO  o.s.d.r.config.RepositoryConfigurationDelegate - Finished Spring Data repository scanning in 30 ms. Found 0 Redis repository interfaces.
2025-06-26 20:30:50 [main] INFO  o.s.boot.web.embedded.tomcat.TomcatWebServer - Tomcat initialized with port(s): 8080 (http)
2025-06-26 20:30:50 [main] INFO  org.apache.catalina.core.AprLifecycleListener - Loaded Apache Tomcat Native library [1.3.1] using APR version [1.7.4].
2025-06-26 20:30:50 [main] INFO  org.apache.catalina.core.AprLifecycleListener - APR capabilities: IPv6 [true], sendfile [true], accept filters [false], random [true], UDS [true].
2025-06-26 20:30:50 [main] INFO  org.apache.catalina.core.AprLifecycleListener - APR/OpenSSL configuration: useAprConnector [false], useOpenSSL [true]
2025-06-26 20:30:50 [main] INFO  org.apache.catalina.core.AprLifecycleListener - OpenSSL successfully initialized [OpenSSL 3.0.14 4 Jun 2024]
2025-06-26 20:30:50 [main] INFO  org.apache.catalina.core.StandardService - Starting service [Tomcat]
2025-06-26 20:30:50 [main] INFO  org.apache.catalina.core.StandardEngine - Starting Servlet engine: [Apache Tomcat/9.0.83]
2025-06-26 20:30:50 [main] INFO  o.a.c.core.ContainerBase.[Tomcat].[localhost].[/] - Initializing Spring embedded WebApplicationContext
2025-06-26 20:30:50 [main] INFO  o.s.b.w.s.c.ServletWebServerApplicationContext - Root WebApplicationContext: initialization completed in 4065 ms
2025-06-26 20:30:50 [main] INFO  c.a.d.s.b.a.DruidDataSourceAutoConfigure - Init DruidDataSource
2025-06-26 20:30:51 [main] INFO  com.alibaba.druid.pool.DruidDataSource - {dataSource-1} inited
2025-06-26 20:30:54 [main] INFO  o.s.boot.web.embedded.tomcat.TomcatWebServer - Tomcat started on port(s): 8080 (http) with context path ''
2025-06-26 20:30:54 [main] INFO  com.cemh.CemhBackendApplication - Started CemhBackendApplication in 9.407 seconds (JVM running for 11.285)
2025-06-26 20:31:10 [http-nio-8080-exec-1] INFO  o.a.c.core.ContainerBase.[Tomcat].[localhost].[/] - Initializing Spring DispatcherServlet 'dispatcherServlet'
2025-06-26 20:31:10 [http-nio-8080-exec-1] INFO  org.springframework.web.servlet.DispatcherServlet - Initializing Servlet 'dispatcherServlet'
2025-06-26 20:31:10 [http-nio-8080-exec-1] INFO  org.springframework.web.servlet.DispatcherServlet - Completed initialization in 2 ms
2025-06-26 20:47:23 [SpringApplicationShutdownHook] INFO  com.alibaba.druid.pool.DruidDataSource - {dataSource-1} closing ...
2025-06-26 20:47:23 [SpringApplicationShutdownHook] INFO  com.alibaba.druid.pool.DruidDataSource - {dataSource-1} closed
2025-06-26 20:47:32 [main] INFO  com.cemh.CemhBackendApplication - Starting CemhBackendApplication using Java 23.0.1 on PilgrimageShao with PID 22068 (D:\OneDrive\桌面\实训\NEUsoftwarePracticaltraining\cemh-backend\target\classes started by 邵岩哲 in D:\OneDrive\桌面\实训\NEUsoftwarePracticaltraining\cemh-backend)
2025-06-26 20:47:32 [main] DEBUG com.cemh.CemhBackendApplication - Running with Spring Boot v2.7.18, Spring v5.3.31
2025-06-26 20:47:32 [main] INFO  com.cemh.CemhBackendApplication - No active profile set, falling back to 1 default profile: "default"
2025-06-26 20:47:33 [main] INFO  o.s.d.r.config.RepositoryConfigurationDelegate - Multiple Spring Data modules found, entering strict repository configuration mode
2025-06-26 20:47:33 [main] INFO  o.s.d.r.config.RepositoryConfigurationDelegate - Bootstrapping Spring Data Redis repositories in DEFAULT mode.
2025-06-26 20:47:34 [main] INFO  o.s.d.r.config.RepositoryConfigurationDelegate - Finished Spring Data repository scanning in 32 ms. Found 0 Redis repository interfaces.
2025-06-26 20:47:35 [main] INFO  o.s.boot.web.embedded.tomcat.TomcatWebServer - Tomcat initialized with port(s): 8080 (http)
2025-06-26 20:47:35 [main] INFO  org.apache.catalina.core.AprLifecycleListener - Loaded Apache Tomcat Native library [1.3.1] using APR version [1.7.4].
2025-06-26 20:47:35 [main] INFO  org.apache.catalina.core.AprLifecycleListener - APR capabilities: IPv6 [true], sendfile [true], accept filters [false], random [true], UDS [true].
2025-06-26 20:47:35 [main] INFO  org.apache.catalina.core.AprLifecycleListener - APR/OpenSSL configuration: useAprConnector [false], useOpenSSL [true]
2025-06-26 20:47:35 [main] INFO  org.apache.catalina.core.AprLifecycleListener - OpenSSL successfully initialized [OpenSSL 3.0.14 4 Jun 2024]
2025-06-26 20:47:35 [main] INFO  org.apache.catalina.core.StandardService - Starting service [Tomcat]
2025-06-26 20:47:35 [main] INFO  org.apache.catalina.core.StandardEngine - Starting Servlet engine: [Apache Tomcat/9.0.83]
2025-06-26 20:47:35 [main] INFO  o.a.c.core.ContainerBase.[Tomcat].[localhost].[/] - Initializing Spring embedded WebApplicationContext
2025-06-26 20:47:35 [main] INFO  o.s.b.w.s.c.ServletWebServerApplicationContext - Root WebApplicationContext: initialization completed in 2562 ms
2025-06-26 20:47:35 [main] INFO  c.a.d.s.b.a.DruidDataSourceAutoConfigure - Init DruidDataSource
2025-06-26 20:47:36 [main] INFO  com.alibaba.druid.pool.DruidDataSource - {dataSource-1} inited
2025-06-26 20:47:39 [main] INFO  o.s.boot.web.embedded.tomcat.TomcatWebServer - Tomcat started on port(s): 8080 (http) with context path ''
2025-06-26 20:47:39 [main] INFO  com.cemh.CemhBackendApplication - Started CemhBackendApplication in 7.667 seconds (JVM running for 8.638)
2025-06-26 20:47:46 [http-nio-8080-exec-1] INFO  o.a.c.core.ContainerBase.[Tomcat].[localhost].[/] - Initializing Spring DispatcherServlet 'dispatcherServlet'
2025-06-26 20:47:46 [http-nio-8080-exec-1] INFO  org.springframework.web.servlet.DispatcherServlet - Initializing Servlet 'dispatcherServlet'
2025-06-26 20:47:46 [http-nio-8080-exec-1] INFO  org.springframework.web.servlet.DispatcherServlet - Completed initialization in 0 ms
